<?xml version="1.0" encoding="UTF-8"?>
<!-- Generated by org.testng.reporters.JUnitReportReporter -->
<testsuite hostname="BINTERNS-QA49L" failures="0" tests="5" name="ICC_CRICKET.ICC_Login_Functionality_TestPerform" time="6.404" errors="0" timestamp="2023-04-26T12:28:13 IST" skipped="0">
  <testcase classname="ICC_CRICKET.ICC_Login_Functionality_TestPerform" name="RegisterButtonFunctionality" time="4.904"/>
  <system-out/>
  <testcase classname="ICC_CRICKET.ICC_Login_Functionality_TestPerform" name="LoginButtonFunctionality" time="1.025"/>
  <system-out/>
  <testcase classname="ICC_CRICKET.ICC_Login_Functionality_TestPerform" name="LoginWithBlankCredentials1" time="0.184"/>
  <system-out/>
  <testcase classname="ICC_CRICKET.ICC_Login_Functionality_TestPerform" name="LoginWithBlankCredentials2" time="0.130"/>
  <system-out/>
  <testcase classname="ICC_CRICKET.ICC_Login_Functionality_TestPerform" name="LoginWithBlankCredentials3" time="0.161"/>
  <system-out/>
</testsuite> <!-- ICC_CRICKET.ICC_Login_Functionality_TestPerform -->
