<?xml version="1.0" encoding="UTF-8"?>
<!-- Generated by org.testng.reporters.JUnitReportReporter -->
<testsuite hostname="BINTERNS-QA49L" failures="0" tests="1" name="ICC_CRICKET.jquery" time="7.247" errors="0" timestamp="2023-04-25T13:58:10 IST" skipped="0">
  <testcase classname="ICC_CRICKET.jquery" name="dateSelection" time="7.247"/>
  <system-out/>
</testsuite> <!-- ICC_CRICKET.jquery -->
