<?xml version="1.0" encoding="UTF-8"?>
<!-- Generated by org.testng.reporters.JUnitReportReporter -->
<testsuite hostname="BINTERNS-QA49L" failures="0" tests="1" name="ICC_Test.ICC_Homepage_TestPerform" time="10.103" errors="0" timestamp="2023-05-11T12:43:45 IST" skipped="0">
  <testcase classname="ICC_Test.ICC_Homepage_TestPerform" name="LogoVisibility" time="10.103"/>
  <system-out/>
</testsuite> <!-- ICC_Test.ICC_Homepage_TestPerform -->
