<?xml version="1.0" encoding="UTF-8"?>
<!-- Generated by org.testng.reporters.JUnitReportReporter -->
<testsuite hostname="BINTERNS-QA49L" failures="0" tests="10" name="ICC_Test.ICC_Scores_Page_Test" time="29.011" errors="0" timestamp="2023-05-03T14:45:42 IST" skipped="0">
  <testcase classname="ICC_Test.ICC_Scores_Page_Test" name="ScoresButtonFunctionality" time="2.261"/>
  <system-out/>
  <testcase classname="ICC_Test.ICC_Scores_Page_Test" name="MensSectionFixturesFunctionality" time="1.904"/>
  <system-out/>
  <testcase classname="ICC_Test.ICC_Scores_Page_Test" name="MensSectionResultsFunctionality" time="1.288"/>
  <system-out/>
  <testcase classname="ICC_Test.ICC_Scores_Page_Test" name="WomensSectionFixturesFunctionality" time="2.252"/>
  <system-out/>
  <testcase classname="ICC_Test.ICC_Scores_Page_Test" name="WomensSectionResultsFunctionality" time="1.248"/>
  <system-out/>
  <testcase classname="ICC_Test.ICC_Scores_Page_Test" name="LiveScoresFunctionality" time="1.124"/>
  <system-out/>
  <testcase classname="ICC_Test.ICC_Scores_Page_Test" name="MenFilterByTeamFunctionality" time="5.383"/>
  <system-out/>
  <testcase classname="ICC_Test.ICC_Scores_Page_Test" name="MenFilterByFormatFunctionality" time="4.149"/>
  <system-out/>
  <testcase classname="ICC_Test.ICC_Scores_Page_Test" name="WomenFilterByTeamFunctionality" time="5.306"/>
  <system-out/>
  <testcase classname="ICC_Test.ICC_Scores_Page_Test" name="WomenFilterByFormatFunctionality" time="4.096"/>
  <system-out/>
</testsuite> <!-- ICC_Test.ICC_Scores_Page_Test -->
