<?xml version="1.0" encoding="UTF-8"?>
<!-- Generated by org.testng.reporters.JUnitReportReporter -->
<testsuite hostname="BINTERNS-QA49L" failures="0" tests="5" name="ICC_Test.ICC_Login_Page_Test" time="33.527" errors="0" timestamp="2023-05-12T11:27:01 IST" skipped="0">
  <testcase classname="ICC_Test.ICC_Login_Page_Test" name="LoginButtonFunctionality" time="4.070"/>
  <system-out/>
  <testcase classname="ICC_Test.ICC_Login_Page_Test" name="RegistrationPageLinkFunctionality" time="6.509"/>
  <system-out/>
  <testcase classname="ICC_Test.ICC_Login_Page_Test" name="SignWithAppleLinkFunctionality" time="5.698"/>
  <system-out/>
  <testcase classname="ICC_Test.ICC_Login_Page_Test" name="SignWithFacebookLinkFunctionality" time="5.243"/>
  <system-out/>
  <testcase classname="ICC_Test.ICC_Login_Page_Test" name="SignWithGoogleLinkFunctionality" time="12.007"/>
  <system-out/>
</testsuite> <!-- ICC_Test.ICC_Login_Page_Test -->
