<?xml version="1.0" encoding="UTF-8"?>
<!-- Generated by org.testng.reporters.JUnitReportReporter -->
<testsuite hostname="BINTERNS-QA49L" failures="0" tests="2" name="ICC_CRICKET.Icc_Homepage" time="5.097" errors="0" timestamp="2023-04-25T15:28:52 IST" skipped="0">
  <testcase classname="ICC_CRICKET.Icc_Homepage" name="IccLogoVisibility" time="5.072"/>
  <system-out/>
  <testcase classname="ICC_CRICKET.Icc_Homepage" name="HomeOption" time="0.025"/>
  <system-out/>
</testsuite> <!-- ICC_CRICKET.Icc_Homepage -->
