<?xml version="1.0" encoding="UTF-8"?>
<!-- Generated by org.testng.reporters.JUnitReportReporter -->
<testsuite hostname="BINTERNS-QA49L" failures="0" tests="11" name="ICC_CRICKET.ICC_TestPerform" time="55.436" errors="0" timestamp="2023-04-25T17:20:55 IST" skipped="0">
  <testcase classname="ICC_CRICKET.ICC_TestPerform" name="TravelSectionVisibility" time="5.041"/>
  <system-out/>
  <testcase classname="ICC_CRICKET.ICC_TestPerform" name="RankingsSectionVisibility" time="5.031"/>
  <system-out/>
  <testcase classname="ICC_CRICKET.ICC_TestPerform" name="ScoresSectionVisibility" time="5.029"/>
  <system-out/>
  <testcase classname="ICC_CRICKET.ICC_TestPerform" name="VideosSectionVisibility" time="5.043"/>
  <system-out/>
  <testcase classname="ICC_CRICKET.ICC_TestPerform" name="IccTvSectionVisibility" time="5.040"/>
  <system-out/>
  <testcase classname="ICC_CRICKET.ICC_TestPerform" name="EventsSectionVisibility" time="5.043"/>
  <system-out/>
  <testcase classname="ICC_CRICKET.ICC_TestPerform" name="ShopSectionVisibility" time="5.030"/>
  <system-out/>
  <testcase classname="ICC_CRICKET.ICC_TestPerform" name="AwardsSectionVisibility" time="5.059"/>
  <system-out/>
  <testcase classname="ICC_CRICKET.ICC_TestPerform" name="HomeSectionVisibility" time="5.041"/>
  <system-out/>
  <testcase classname="ICC_CRICKET.ICC_TestPerform" name="LogoVisibility" time="5.034"/>
  <system-out/>
  <testcase classname="ICC_CRICKET.ICC_TestPerform" name="NewsSectionVisibility" time="5.045"/>
  <system-out/>
</testsuite> <!-- ICC_CRICKET.ICC_TestPerform -->
