<?xml version="1.0" encoding="UTF-8"?>
<!-- Generated by org.testng.reporters.JUnitReportReporter -->
<testsuite hostname="BINTERNS-QA49L" failures="0" tests="11" name="ICC_CRICKET.ICC_Homepage_TestPerform" time="55.722" errors="0" timestamp="2023-04-26T10:40:09 IST" skipped="0">
  <testcase classname="ICC_CRICKET.ICC_Homepage_TestPerform" name="TravelSectionVisibility" time="5.066"/>
  <system-out/>
  <testcase classname="ICC_CRICKET.ICC_Homepage_TestPerform" name="ScoresSectionVisibility" time="5.065"/>
  <system-out/>
  <testcase classname="ICC_CRICKET.ICC_Homepage_TestPerform" name="AwardsSectionVisibility" time="5.112"/>
  <system-out/>
  <testcase classname="ICC_CRICKET.ICC_Homepage_TestPerform" name="EventsSectionVisibility" time="5.056"/>
  <system-out/>
  <testcase classname="ICC_CRICKET.ICC_Homepage_TestPerform" name="HomeSectionVisibility" time="5.054"/>
  <system-out/>
  <testcase classname="ICC_CRICKET.ICC_Homepage_TestPerform" name="VideosSectionVisibility" time="5.060"/>
  <system-out/>
  <testcase classname="ICC_CRICKET.ICC_Homepage_TestPerform" name="LogoVisibility" time="5.065"/>
  <system-out/>
  <testcase classname="ICC_CRICKET.ICC_Homepage_TestPerform" name="ShopSectionVisibility" time="5.073"/>
  <system-out/>
  <testcase classname="ICC_CRICKET.ICC_Homepage_TestPerform" name="IccTvSectionVisibility" time="5.059"/>
  <system-out/>
  <testcase classname="ICC_CRICKET.ICC_Homepage_TestPerform" name="NewsSectionVisibility" time="5.054"/>
  <system-out/>
  <testcase classname="ICC_CRICKET.ICC_Homepage_TestPerform" name="RankingsSectionVisibility" time="5.058"/>
  <system-out/>
</testsuite> <!-- ICC_CRICKET.ICC_Homepage_TestPerform -->
