<?xml version="1.0" encoding="UTF-8"?>
<!-- Generated by org.testng.reporters.JUnitReportReporter -->
<testsuite hostname="BINTERNS-QA49L" failures="0" tests="12" name="ICC_Test.ICC_Rankings_Page_Mens_Overview_Section_Test" time="40.892" errors="0" timestamp="2023-05-04T12:42:19 IST" skipped="0">
  <testcase classname="ICC_Test.ICC_Rankings_Page_Mens_Overview_Section_Test" name="T20iTeamRankings_ViewFullTableButton_Functionality" time="12.265"/>
  <system-out/>
  <testcase classname="ICC_Test.ICC_Rankings_Page_Mens_Overview_Section_Test" name="OdiTeamRankings_ViewFullTableButton_Functionality" time="3.556"/>
  <system-out/>
  <testcase classname="ICC_Test.ICC_Rankings_Page_Mens_Overview_Section_Test" name="TestTeamRankings_ViewFullTableButton_Functionality" time="3.124"/>
  <system-out/>
  <testcase classname="ICC_Test.ICC_Rankings_Page_Mens_Overview_Section_Test" name="T20iBattingRankings_ViewFullTableButton_Functionality" time="2.329"/>
  <system-out/>
  <testcase classname="ICC_Test.ICC_Rankings_Page_Mens_Overview_Section_Test" name="OdiBattingRankings_ViewFullTableButton_Functionality" time="1.981"/>
  <system-out/>
  <testcase classname="ICC_Test.ICC_Rankings_Page_Mens_Overview_Section_Test" name="TestBattingRankings_ViewFullTableButton_Functionality" time="2.128"/>
  <system-out/>
  <testcase classname="ICC_Test.ICC_Rankings_Page_Mens_Overview_Section_Test" name="T20iBowlingRankings_ViewFullTableButton_Functionality" time="2.127"/>
  <system-out/>
  <testcase classname="ICC_Test.ICC_Rankings_Page_Mens_Overview_Section_Test" name="OdiBowlingRankings_ViewFullTableButton_Functionality" time="3.054"/>
  <system-out/>
  <testcase classname="ICC_Test.ICC_Rankings_Page_Mens_Overview_Section_Test" name="TestBowlingRankings_ViewFullTableButton_Functionality" time="2.725"/>
  <system-out/>
  <testcase classname="ICC_Test.ICC_Rankings_Page_Mens_Overview_Section_Test" name="T20iAllRounderRankings_ViewFullTableButton_Functionality" time="3.273"/>
  <system-out/>
  <testcase classname="ICC_Test.ICC_Rankings_Page_Mens_Overview_Section_Test" name="OdiAllRounderRankings_ViewFullTableButton_Functionality" time="2.260"/>
  <system-out/>
  <testcase classname="ICC_Test.ICC_Rankings_Page_Mens_Overview_Section_Test" name="TestAllRounderRankings_ViewFullTableButton_Functionality" time="2.070"/>
  <system-out/>
</testsuite> <!-- ICC_Test.ICC_Rankings_Page_Mens_Overview_Section_Test -->
