<?xml version="1.0" encoding="UTF-8"?>
<!-- Generated by org.testng.reporters.JUnitReportReporter -->
<testsuite hostname="BINTERNS-QA49L" failures="0" tests="11" name="ICC_Test.ICC_Rankings_Page_Test" time="18.542" errors="0" timestamp="2023-05-03T14:47:34 IST" skipped="0">
  <testcase classname="ICC_Test.ICC_Rankings_Page_Test" name="ScoresButtonFunctionality" time="2.264"/>
  <system-out/>
  <testcase classname="ICC_Test.ICC_Rankings_Page_Test" name="MensSectionOverviewFunctionality" time="3.156"/>
  <system-out/>
  <testcase classname="ICC_Test.ICC_Rankings_Page_Test" name="MensSectionTeamRankingFunctionality" time="2.098"/>
  <system-out/>
  <testcase classname="ICC_Test.ICC_Rankings_Page_Test" name="MensSectionPlayerRankingFunctionality" time="1.084"/>
  <system-out/>
  <testcase classname="ICC_Test.ICC_Rankings_Page_Test" name="MensSectionTeamRankingsPredictorFunctionality" time="1.303"/>
  <system-out/>
  <testcase classname="ICC_Test.ICC_Rankings_Page_Test" name="WomensSectionOverviewFunctionality" time="1.598"/>
  <system-out/>
  <testcase classname="ICC_Test.ICC_Rankings_Page_Test" name="WomensSectionTeamRankingFunctionality" time="1.400"/>
  <system-out/>
  <testcase classname="ICC_Test.ICC_Rankings_Page_Test" name="WomensSectionPlayerRankingFunctionality" time="1.839"/>
  <system-out/>
  <testcase classname="ICC_Test.ICC_Rankings_Page_Test" name="PlayerHeadToHeadFunctionality" time="1.285"/>
  <system-out/>
  <testcase classname="ICC_Test.ICC_Rankings_Page_Test" name="AboutRankingsFunctionality" time="1.417"/>
  <system-out/>
  <testcase classname="ICC_Test.ICC_Rankings_Page_Test" name="RankingsFAQS_Functionality" time="1.098"/>
  <system-out/>
</testsuite> <!-- ICC_Test.ICC_Rankings_Page_Test -->
