<?xml version="1.0" encoding="UTF-8"?>
<!-- Generated by org.testng.reporters.JUnitReportReporter -->
<testsuite hostname="BINTERNS-QA49L" failures="0" tests="7" name="ICC_Test.ICC_Player_Comparison_Module_Test" time="16.964" errors="0" timestamp="2023-05-09T09:20:29 IST" skipped="0">
  <testcase classname="ICC_Test.ICC_Player_Comparison_Module_Test" name="VisibilityOfPlayerComparisonSection" time="3.391"/>
  <system-out/>
  <testcase classname="ICC_Test.ICC_Player_Comparison_Module_Test" name="PlayerComparisonFunctionality" time="2.195"/>
  <system-out/>
  <testcase classname="ICC_Test.ICC_Player_Comparison_Module_Test" name="TopBowlerOptionFunctionality" time="5.036"/>
  <system-out/>
  <testcase classname="ICC_Test.ICC_Player_Comparison_Module_Test" name="TopAllRounderOptionFunctionality" time="2.932"/>
  <system-out/>
  <testcase classname="ICC_Test.ICC_Player_Comparison_Module_Test" name="TopBatsmenOptionFunctionality" time="3.246"/>
  <system-out/>
  <testcase classname="ICC_Test.ICC_Player_Comparison_Module_Test" name="TestTopBattingForwardButtonFunctionality" time="0.110"/>
  <system-out/>
  <testcase classname="ICC_Test.ICC_Player_Comparison_Module_Test" name="TestTopBattingBackwardButtonFunctionality" time="0.054"/>
  <system-out/>
</testsuite> <!-- ICC_Test.ICC_Player_Comparison_Module_Test -->
