<?xml version="1.0" encoding="UTF-8"?>
<!-- Generated by org.testng.reporters.JUnitReportReporter -->
<testsuite hostname="BINTERNS-QA49L" failures="0" tests="11" name="ICC_Test.ICC_Homepage_TestPerform" time="111.106" errors="0" timestamp="2023-05-11T18:57:48 IST" skipped="0">
  <testcase classname="ICC_Test.ICC_Homepage_TestPerform" name="LogoVisibility" time="10.112"/>
  <system-out/>
  <testcase classname="ICC_Test.ICC_Homepage_TestPerform" name="HomeSectionVisibility" time="10.093"/>
  <system-out/>
  <testcase classname="ICC_Test.ICC_Homepage_TestPerform" name="ScoresSectionVisibility" time="10.113"/>
  <system-out/>
  <testcase classname="ICC_Test.ICC_Homepage_TestPerform" name="RankingsSectionVisibility" time="10.122"/>
  <system-out/>
  <testcase classname="ICC_Test.ICC_Homepage_TestPerform" name="EventsSectionVisibility" time="10.087"/>
  <system-out/>
  <testcase classname="ICC_Test.ICC_Homepage_TestPerform" name="NewsSectionVisibility" time="10.095"/>
  <system-out/>
  <testcase classname="ICC_Test.ICC_Homepage_TestPerform" name="AwardsSectionVisibility" time="10.075"/>
  <system-out/>
  <testcase classname="ICC_Test.ICC_Homepage_TestPerform" name="VideosSectionVisibility" time="10.111"/>
  <system-out/>
  <testcase classname="ICC_Test.ICC_Homepage_TestPerform" name="IccTvSectionVisibility" time="10.095"/>
  <system-out/>
  <testcase classname="ICC_Test.ICC_Homepage_TestPerform" name="ShopSectionVisibility" time="10.095"/>
  <system-out/>
  <testcase classname="ICC_Test.ICC_Homepage_TestPerform" name="TravelSectionVisibility" time="10.108"/>
  <system-out/>
</testsuite> <!-- ICC_Test.ICC_Homepage_TestPerform -->
